2019-10-21 20:28:44.715  INFO 526 --- [main] lavalink.server.Launcher                 : 

[32m       .  [31m _                  _ _       _    [32m__ _ _
[32m      /\\ [31m| | __ ___   ____ _| (_)_ __ | | __[32m\ \ \ \
[32m     ( ( )[31m| |/ _` \ \ / / _` | | | '_ \| |/ /[32m \ \ \ \
[32m      \\/ [31m| | (_| |\ V / (_| | | | | | |   < [32m  ) ) ) )
[32m       '  [31m|_|\__,_| \_/ \__,_|_|_|_| |_|_|\_\[32m / / / /
[0m    =========================================[32m/_/_/_/[0m

	Version:        3.2.1.1
	Build:          828
	Build time:     31.07.2019 11:02:24 CEST
	Branch          master
	Commit:         d9c9aa0
	Commit time:    31.07.2019 10:59:59 CEST
	JVM:            11.0.4
	Lavaplayer      1.3.19

2019-10-21 20:28:44.828  INFO 526 --- [main] lavalink.server.Launcher                 : Starting Launcher on LAPTOP-R7RR915O with PID 526 (/mnt/c/Users/ASUS/Desktop/bot_project/Discord.js-Bot-Development/Ep_07/Lavalink.jar started by ethicalhacker in /mnt/c/Users/ASUS/Desktop/bot_project/Discord.js-Bot-Development/Ep_07)
2019-10-21 20:28:44.829  INFO 526 --- [main] lavalink.server.Launcher                 : No active profile set, falling back to default profiles: default
2019-10-21 20:28:44.879  INFO 526 --- [main] ConfigServletWebServerApplicationContext : Refreshing org.springframework.boot.web.servlet.context.AnnotationConfigServletWebServerApplicationContext@6cc7b4de: startup date [Mon Oct 21 20:28:44 IST 2019]; root of context hierarchy
2019-10-21 20:28:44.920  WARN 526 --- [background-preinit] o.s.h.c.j.Jackson2ObjectMapperBuilder    : For Jackson Kotlin classes support please add "com.fasterxml.jackson.module:jackson-module-kotlin" to the classpath
2019-10-21 20:28:46.094  INFO 526 --- [main] org.xnio                                 : XNIO version 3.3.8.Final
2019-10-21 20:28:46.108  INFO 526 --- [main] org.xnio.nio                             : XNIO NIO Implementation Version 3.3.8.Final
2019-10-21 20:28:46.200  WARN 526 --- [main] io.undertow.websockets.jsr               : UT026009: XNIO worker was not set on WebSocketDeploymentInfo, the default worker will be used
2019-10-21 20:28:46.201  WARN 526 --- [main] io.undertow.websockets.jsr               : UT026010: Buffer pool was not set on WebSocketDeploymentInfo, the default pool will be used
2019-10-21 20:28:46.220  INFO 526 --- [main] io.undertow.servlet                      : Initializing Spring embedded WebApplicationContext
2019-10-21 20:28:46.220  INFO 526 --- [main] o.s.web.context.ContextLoader            : Root WebApplicationContext: initialization completed in 1341 ms
2019-10-21 20:28:46.277  INFO 526 --- [main] o.s.b.w.servlet.ServletRegistrationBean  : Servlet dispatcherServlet mapped to [/]
2019-10-21 20:28:46.282  INFO 526 --- [main] o.s.b.w.servlet.FilterRegistrationBean   : Mapping filter: 'characterEncodingFilter' to: [/*]
2019-10-21 20:28:46.283  INFO 526 --- [main] o.s.b.w.servlet.FilterRegistrationBean   : Mapping filter: 'hiddenHttpMethodFilter' to: [/*]
2019-10-21 20:28:46.284  INFO 526 --- [main] o.s.b.w.servlet.FilterRegistrationBean   : Mapping filter: 'httpPutFormContentFilter' to: [/*]
2019-10-21 20:28:46.284  INFO 526 --- [main] o.s.b.w.servlet.FilterRegistrationBean   : Mapping filter: 'requestContextFilter' to: [/*]
2019-10-21 20:28:46.284  INFO 526 --- [main] o.s.b.w.servlet.FilterRegistrationBean   : Mapping filter: 'responseHeaderFilter' to: [/*]
2019-10-21 20:28:46.328  WARN 526 --- [main] l.server.config.SentryConfiguration      : Turning off sentry
2019-10-21 20:28:46.335  INFO 526 --- [main] l.s.c.AudioSendFactoryConfiguration      : OS: Linux, Arch: amd64
2019-10-21 20:28:46.335  INFO 526 --- [main] l.s.c.AudioSendFactoryConfiguration      : JDA-NAS supported system detected. Enabled native audio sending.
2019-10-21 20:28:46.335  INFO 526 --- [main] l.s.c.AudioSendFactoryConfiguration      : Setting buffer to 400ms
2019-10-21 20:28:46.335  INFO 526 --- [main] l.s.c.AudioSendFactoryConfiguration      : Setting playlist load limit to 6
2019-10-21 20:28:46.962  INFO 526 --- [main] c.s.d.l.tools.GarbageCollectionMonitor   : GC monitoring enabled, reporting results every 2 minutes.
2019-10-21 20:28:47.093  INFO 526 --- [main] o.s.w.s.s.s.WebSocketHandlerMapping      : Root mapping to handler of type [class org.springframework.web.socket.server.support.WebSocketHttpRequestHandler]
2019-10-21 20:28:47.317  INFO 526 --- [main] o.s.w.s.handler.SimpleUrlHandlerMapping  : Mapped URL path [/**/favicon.ico] onto handler of type [class org.springframework.web.servlet.resource.ResourceHttpRequestHandler]
2019-10-21 20:28:47.535  INFO 526 --- [main] s.w.s.m.m.a.RequestMappingHandlerAdapter : Looking for @ControllerAdvice: org.springframework.boot.web.servlet.context.AnnotationConfigServletWebServerApplicationContext@6cc7b4de: startup date [Mon Oct 21 20:28:44 IST 2019]; root of context hierarchy
2019-10-21 20:28:47.620  INFO 526 --- [main] s.w.s.m.m.a.RequestMappingHandlerMapping : Mapped "{[/loadtracks],methods=[GET],produces=[application/json]}" onto public java.util.concurrent.CompletionStage<org.springframework.http.ResponseEntity<java.lang.String>> lavalink.server.player.AudioLoaderRestHandler.getLoadTracks(javax.servlet.http.HttpServletRequest,java.lang.String)
2019-10-21 20:28:47.621  INFO 526 --- [main] s.w.s.m.m.a.RequestMappingHandlerMapping : Mapped "{[/decodetrack],methods=[GET],produces=[application/json]}" onto public org.springframework.http.ResponseEntity<java.lang.String> lavalink.server.player.AudioLoaderRestHandler.getDecodeTrack(javax.servlet.http.HttpServletRequest,java.lang.String) throws java.io.IOException
2019-10-21 20:28:47.622  INFO 526 --- [main] s.w.s.m.m.a.RequestMappingHandlerMapping : Mapped "{[/decodetracks],methods=[POST],consumes=[application/json],produces=[application/json]}" onto public org.springframework.http.ResponseEntity<java.lang.String> lavalink.server.player.AudioLoaderRestHandler.postDecodeTracks(javax.servlet.http.HttpServletRequest,java.lang.String) throws java.io.IOException
2019-10-21 20:28:47.622  INFO 526 --- [main] s.w.s.m.m.a.RequestMappingHandlerMapping : Mapped "{[/version],methods=[GET]}" onto public java.lang.String lavalink.server.info.InfoRestHandler.version()
2019-10-21 20:28:47.625  INFO 526 --- [main] s.w.s.m.m.a.RequestMappingHandlerMapping : Mapped "{[/error]}" onto public org.springframework.http.ResponseEntity<java.util.Map<java.lang.String, java.lang.Object>> org.springframework.boot.autoconfigure.web.servlet.error.BasicErrorController.error(javax.servlet.http.HttpServletRequest)
2019-10-21 20:28:47.625  INFO 526 --- [main] s.w.s.m.m.a.RequestMappingHandlerMapping : Mapped "{[/error],produces=[text/html]}" onto public org.springframework.web.servlet.ModelAndView org.springframework.boot.autoconfigure.web.servlet.error.BasicErrorController.errorHtml(javax.servlet.http.HttpServletRequest,javax.servlet.http.HttpServletResponse)
2019-10-21 20:28:47.647  INFO 526 --- [main] o.s.w.s.handler.SimpleUrlHandlerMapping  : Mapped URL path [/webjars/**] onto handler of type [class org.springframework.web.servlet.resource.ResourceHttpRequestHandler]
2019-10-21 20:28:47.648  INFO 526 --- [main] o.s.w.s.handler.SimpleUrlHandlerMapping  : Mapped URL path [/**] onto handler of type [class org.springframework.web.servlet.resource.ResourceHttpRequestHandler]
2019-10-21 20:28:47.857  INFO 526 --- [main] o.s.j.e.a.AnnotationMBeanExporter        : Registering beans for JMX exposure on startup
2019-10-21 20:28:47.866  INFO 526 --- [main] o.s.c.support.DefaultLifecycleProcessor  : Starting beans in phase 2147483647
2019-10-21 20:28:47.922  INFO 526 --- [main] o.s.b.w.e.u.UndertowServletWebServer     : Undertow started on port(s) 2333 (http) with context path ''
2019-10-21 20:28:47.926  INFO 526 --- [main] lavalink.server.Launcher                 : Started Launcher in 3.618 seconds (JVM running for 4.075)
2019-10-21 20:29:25.551  INFO 526 --- [Thread-1] ConfigServletWebServerApplicationContext : Closing org.springframework.boot.web.servlet.context.AnnotationConfigServletWebServerApplicationContext@6cc7b4de: startup date [Mon Oct 21 20:28:44 IST 2019]; root of context hierarchy
2019-10-21 20:29:25.553  INFO 526 --- [Thread-1] o.s.c.support.DefaultLifecycleProcessor  : Stopping beans in phase 2147483647
2019-10-21 20:29:25.555  INFO 526 --- [Thread-1] o.s.j.e.a.AnnotationMBeanExporter        : Unregistering JMX-exposed beans on shutdown
2019-10-21 20:29:25.557  INFO 526 --- [Thread-1] c.s.d.l.tools.GarbageCollectionMonitor   : GC monitoring disabled.
