2019-12-11 15:52:12.681  INFO 15944 --- [main] lavalink.server.Launcher                 : 

[32m       .  [31m _                  _ _       _    [32m__ _ _
[32m      /\\ [31m| | __ ___   ____ _| (_)_ __ | | __[32m\ \ \ \
[32m     ( ( )[31m| |/ _` \ \ / / _` | | | '_ \| |/ /[32m \ \ \ \
[32m      \\/ [31m| | (_| |\ V / (_| | | | | | |   < [32m  ) ) ) )
[32m       '  [31m|_|\__,_| \_/ \__,_|_|_|_| |_|_|\_\[32m / / / /
[0m    =========================================[32m/_/_/_/[0m

	Version:        8d2dabb19ff31d254e5778997ef1244d73e4a8b9-SNAPSHOT
	Build:          943
	Build time:     28.11.2019 01:35:07 UTC
	Branch          master
	Commit:         8d2dabb
	Commit time:    28.11.2019 01:33:04 UTC
	JVM:            1.8.0_211
	Lavaplayer      1.3.22

2019-12-11 15:52:12.857  INFO 15944 --- [main] lavalink.server.Launcher                 : Starting Launcher on LAPTOP-R7RR915O with PID 15944 (C:\Users\ASUS\Desktop\bot_project\testciasncsapc\lavalink\Lavalink.jar started by Root in C:\Users\ASUS\Desktop\bot_project\testciasncsapc\lavalink)
2019-12-11 15:52:12.858  INFO 15944 --- [main] lavalink.server.Launcher                 : No active profile set, falling back to default profiles: default
2019-12-11 15:52:13.196  WARN 15944 --- [background-preinit] o.s.h.c.j.Jackson2ObjectMapperBuilder    : For Jackson Kotlin classes support please add "com.fasterxml.jackson.module:jackson-module-kotlin" to the classpath
2019-12-11 15:52:15.345  WARN 15944 --- [main] io.undertow.websockets.jsr               : UT026010: Buffer pool was not set on WebSocketDeploymentInfo, the default pool will be used
2019-12-11 15:52:15.384  INFO 15944 --- [main] io.undertow.servlet                      : Initializing Spring embedded WebApplicationContext
2019-12-11 15:52:15.385  INFO 15944 --- [main] o.s.web.context.ContextLoader            : Root WebApplicationContext: initialization completed in 2446 ms
2019-12-11 15:52:15.500  WARN 15944 --- [main] l.server.config.SentryConfiguration      : Turning off sentry
2019-12-11 15:52:15.507  INFO 15944 --- [main] l.s.c.AudioSendFactoryConfiguration      : OS: Windows 10, Arch: amd64
2019-12-11 15:52:15.508  INFO 15944 --- [main] l.s.c.AudioSendFactoryConfiguration      : JDA-NAS supported system detected. Enabled native audio sending.
2019-12-11 15:52:15.509  INFO 15944 --- [main] l.s.c.AudioSendFactoryConfiguration      : Setting buffer to 400ms
2019-12-11 15:52:15.510  INFO 15944 --- [main] l.s.c.AudioSendFactoryConfiguration      : Setting playlist load limit to 6
2019-12-11 15:52:17.093  INFO 15944 --- [main] c.s.d.l.tools.GarbageCollectionMonitor   : GC monitoring enabled, reporting results every 2 minutes.
2019-12-11 15:52:17.688  INFO 15944 --- [main] o.s.s.concurrent.ThreadPoolTaskExecutor  : Initializing ExecutorService 'applicationTaskExecutor'
2019-12-11 15:52:18.328  INFO 15944 --- [main] org.xnio                                 : XNIO version 3.3.8.Final
2019-12-11 15:52:18.354  INFO 15944 --- [main] org.xnio.nio                             : XNIO NIO Implementation Version 3.3.8.Final
2019-12-11 15:52:18.534  INFO 15944 --- [main] o.s.b.w.e.u.UndertowServletWebServer     : Undertow started on port(s) 2333 (http) with context path ''
2019-12-11 15:52:18.540  INFO 15944 --- [main] lavalink.server.Launcher                 : Started Launcher in 6.751 seconds (JVM running for 8.307)
